app/build/intermediates/manifest_merge_blame_file/debug/processDebugMainManifest/manifest-merger-blame-debug-report.txt
1<?xml version="1.0" encoding="utf-8"?>
2<manifest xmlns:android="http://schemas.android.com/apk/res/android"
3    package="com.pharma.taskmanager"
4    android:versionCode="1"
5    android:versionName="1.0" >
6
7    <uses-sdk
8        android:minSdkVersion="24"
9        android:targetSdkVersion="34" />
10
11    <uses-permission android:name="android.permission.INTERNET" />
11-->src\main\AndroidManifest.xml:5:5-67
11-->src\main\AndroidManifest.xml:5:22-64
12    <uses-permission android:name="android.permission.POST_NOTIFICATIONS" />
12-->src\main\AndroidManifest.xml:6:5-77
12-->src\main\AndroidManifest.xml:6:22-74
13    <uses-permission android:name="android.permission.WAKE_LOCK" />
13-->src\main\AndroidManifest.xml:7:5-68
13-->src\main\AndroidManifest.xml:7:22-65
14    <uses-permission android:name="android.permission.VIBRATE" />
14-->src\main\AndroidManifest.xml:8:5-66
14-->src\main\AndroidManifest.xml:8:22-63
15    <uses-permission android:name="android.permission.USE_FULL_SCREEN_INTENT" />
15-->src\main\AndroidManifest.xml:9:5-81
15-->src\main\AndroidManifest.xml:9:22-78
16    <uses-permission android:name="android.permission.SYSTEM_ALERT_WINDOW" />
16-->src\main\AndroidManifest.xml:10:5-78
16-->src\main\AndroidManifest.xml:10:22-75
17    <uses-permission android:name="android.permission.SCHEDULE_EXACT_ALARM" />
17-->src\main\AndroidManifest.xml:11:5-79
17-->src\main\AndroidManifest.xml:11:22-76
18    <uses-permission android:name="android.permission.USE_EXACT_ALARM" />
18-->src\main\AndroidManifest.xml:12:5-74
18-->src\main\AndroidManifest.xml:12:22-71
19    <uses-permission android:name="android.permission.FOREGROUND_SERVICE" />
19-->src\main\AndroidManifest.xml:13:5-77
19-->src\main\AndroidManifest.xml:13:22-74
20    <uses-permission android:name="android.permission.FOREGROUND_SERVICE_SPECIAL_USE" />
20-->src\main\AndroidManifest.xml:14:5-89
20-->src\main\AndroidManifest.xml:14:22-86
21    <uses-permission android:name="android.permission.ACCESS_NETWORK_STATE" />
21-->[androidx.work:work-runtime:2.9.0] AndroidManifest.xml:24:5-79
21-->[androidx.work:work-runtime:2.9.0] AndroidManifest.xml:24:22-76
22    <uses-permission android:name="android.permission.RECEIVE_BOOT_COMPLETED" />
22-->[androidx.work:work-runtime:2.9.0] AndroidManifest.xml:25:5-81
22-->[androidx.work:work-runtime:2.9.0] AndroidManifest.xml:25:22-78
23
24    <permission
24-->[androidx.core:core:1.13.0] AndroidManifest.xml:22:5-24:47
25        android:name="com.pharma.taskmanager.DYNAMIC_RECEIVER_NOT_EXPORTED_PERMISSION"
25-->[androidx.core:core:1.13.0] AndroidManifest.xml:23:9-81
26        android:protectionLevel="signature" />
26-->[androidx.core:core:1.13.0] AndroidManifest.xml:24:9-44
27
28    <uses-permission android:name="com.pharma.taskmanager.DYNAMIC_RECEIVER_NOT_EXPORTED_PERMISSION" />
28-->[androidx.core:core:1.13.0] AndroidManifest.xml:26:5-97
28-->[androidx.core:core:1.13.0] AndroidManifest.xml:26:22-94
29
30    <application
30-->src\main\AndroidManifest.xml:16:5-61:19
31        android:name="com.pharma.taskmanager.TaskManagerApplication"
31-->src\main\AndroidManifest.xml:17:9-47
32        android:allowBackup="true"
32-->src\main\AndroidManifest.xml:18:9-35
33        android:appComponentFactory="androidx.core.app.CoreComponentFactory"
33-->[androidx.core:core:1.13.0] AndroidManifest.xml:28:18-86
34        android:dataExtractionRules="@xml/data_extraction_rules"
34-->src\main\AndroidManifest.xml:19:9-65
35        android:debuggable="true"
36        android:extractNativeLibs="false"
37        android:fullBackupContent="@xml/backup_rules"
37-->src\main\AndroidManifest.xml:20:9-54
38        android:icon="@mipmap/ic_launcher"
38-->src\main\AndroidManifest.xml:21:9-43
39        android:label="@string/app_name"
39-->src\main\AndroidManifest.xml:22:9-41
40        android:roundIcon="@mipmap/ic_launcher_round"
40-->src\main\AndroidManifest.xml:23:9-54
41        android:supportsRtl="true"
41-->src\main\AndroidManifest.xml:24:9-35
42        android:theme="@style/Theme.PersonalTaskManager" >
42-->src\main\AndroidManifest.xml:25:9-57
43        <activity
43-->src\main\AndroidManifest.xml:28:9-46:20
44            android:name="com.pharma.taskmanager.MainActivity"
44-->src\main\AndroidManifest.xml:29:13-41
45            android:exported="true"
45-->src\main\AndroidManifest.xml:30:13-36
46            android:theme="@style/Theme.PersonalTaskManager" >
46-->src\main\AndroidManifest.xml:31:13-61
47            <intent-filter>
47-->src\main\AndroidManifest.xml:32:13-35:29
48                <action android:name="android.intent.action.MAIN" />
48-->src\main\AndroidManifest.xml:33:17-69
48-->src\main\AndroidManifest.xml:33:25-66
49
50                <category android:name="android.intent.category.LAUNCHER" />
50-->src\main\AndroidManifest.xml:34:17-77
50-->src\main\AndroidManifest.xml:34:27-74
51            </intent-filter>
52            <!-- Deep link entry for task detail: taskmanager://task/{taskId} -->
53            <intent-filter>
53-->src\main\AndroidManifest.xml:37:13-45:29
54                <action android:name="android.intent.action.VIEW" />
54-->src\main\AndroidManifest.xml:38:17-69
54-->src\main\AndroidManifest.xml:38:25-66
55
56                <category android:name="android.intent.category.DEFAULT" />
56-->src\main\AndroidManifest.xml:39:17-76
56-->src\main\AndroidManifest.xml:39:27-73
57                <category android:name="android.intent.category.BROWSABLE" />
57-->src\main\AndroidManifest.xml:40:17-78
57-->src\main\AndroidManifest.xml:40:27-75
58
59                <data
59-->src\main\AndroidManifest.xml:41:17-44:49
60                    android:host="task"
60-->src\main\AndroidManifest.xml:43:21-40
61                    android:pathPattern="/.*"
61-->src\main\AndroidManifest.xml:44:21-46
62                    android:scheme="taskmanager" />
62-->src\main\AndroidManifest.xml:42:21-49
63            </intent-filter>
64        </activity>
65
66        <!-- BroadcastReceiver for alarm-based reminders -->
67        <receiver
67-->src\main\AndroidManifest.xml:49:9-52:40
68            android:name="com.pharma.taskmanager.receivers.ReminderBroadcastReceiver"
68-->src\main\AndroidManifest.xml:50:13-64
69            android:enabled="true"
69-->src\main\AndroidManifest.xml:51:13-35
70            android:exported="false" />
70-->src\main\AndroidManifest.xml:52:13-37
71
72        <!-- Persistent reminder service for continuous alerts -->
73        <service
73-->src\main\AndroidManifest.xml:55:9-59:58
74            android:name="com.pharma.taskmanager.services.PersistentReminderService"
74-->src\main\AndroidManifest.xml:56:13-63
75            android:enabled="true"
75-->src\main\AndroidManifest.xml:57:13-35
76            android:exported="false"
76-->src\main\AndroidManifest.xml:58:13-37
77            android:foregroundServiceType="specialUse" />
77-->src\main\AndroidManifest.xml:59:13-55
78
79        <activity
79-->[androidx.compose.ui:ui-tooling-android:1.5.4] AndroidManifest.xml:23:9-25:39
80            android:name="androidx.compose.ui.tooling.PreviewActivity"
80-->[androidx.compose.ui:ui-tooling-android:1.5.4] AndroidManifest.xml:24:13-71
81            android:exported="true" />
81-->[androidx.compose.ui:ui-tooling-android:1.5.4] AndroidManifest.xml:25:13-36
82        <activity
82-->[androidx.compose.ui:ui-test-manifest:1.5.4] AndroidManifest.xml:23:9-25:39
83            android:name="androidx.activity.ComponentActivity"
83-->[androidx.compose.ui:ui-test-manifest:1.5.4] AndroidManifest.xml:24:13-63
84            android:exported="true" />
84-->[androidx.compose.ui:ui-test-manifest:1.5.4] AndroidManifest.xml:25:13-36
85
86        <provider
86-->[androidx.work:work-runtime:2.9.0] AndroidManifest.xml:29:9-37:20
87            android:name="androidx.startup.InitializationProvider"
87-->[androidx.work:work-runtime:2.9.0] AndroidManifest.xml:30:13-67
88            android:authorities="com.pharma.taskmanager.androidx-startup"
88-->[androidx.work:work-runtime:2.9.0] AndroidManifest.xml:31:13-68
89            android:exported="false" >
89-->[androidx.work:work-runtime:2.9.0] AndroidManifest.xml:32:13-37
90            <meta-data
90-->[androidx.work:work-runtime:2.9.0] AndroidManifest.xml:34:13-36:52
91                android:name="androidx.work.WorkManagerInitializer"
91-->[androidx.work:work-runtime:2.9.0] AndroidManifest.xml:35:17-68
92                android:value="androidx.startup" />
92-->[androidx.work:work-runtime:2.9.0] AndroidManifest.xml:36:17-49
93            <meta-data
93-->[androidx.emoji2:emoji2:1.4.0] AndroidManifest.xml:29:13-31:52
94                android:name="androidx.emoji2.text.EmojiCompatInitializer"
94-->[androidx.emoji2:emoji2:1.4.0] AndroidManifest.xml:30:17-75
95                android:value="androidx.startup" />
95-->[androidx.emoji2:emoji2:1.4.0] AndroidManifest.xml:31:17-49
96            <meta-data
96-->[androidx.lifecycle:lifecycle-process:2.7.0] AndroidManifest.xml:29:13-31:52
97                android:name="androidx.lifecycle.ProcessLifecycleInitializer"
97-->[androidx.lifecycle:lifecycle-process:2.7.0] AndroidManifest.xml:30:17-78
98                android:value="androidx.startup" />
98-->[androidx.lifecycle:lifecycle-process:2.7.0] AndroidManifest.xml:31:17-49
99            <meta-data
99-->[androidx.profileinstaller:profileinstaller:1.3.0] AndroidManifest.xml:29:13-31:52
100                android:name="androidx.profileinstaller.ProfileInstallerInitializer"
100-->[androidx.profileinstaller:profileinstaller:1.3.0] AndroidManifest.xml:30:17-85
101                android:value="androidx.startup" />
101-->[androidx.profileinstaller:profileinstaller:1.3.0] AndroidManifest.xml:31:17-49
102        </provider>
103
104        <service
104-->[androidx.work:work-runtime:2.9.0] AndroidManifest.xml:39:9-45:35
105            android:name="androidx.work.impl.background.systemalarm.SystemAlarmService"
105-->[androidx.work:work-runtime:2.9.0] AndroidManifest.xml:40:13-88
106            android:directBootAware="false"
106-->[androidx.work:work-runtime:2.9.0] AndroidManifest.xml:41:13-44
107            android:enabled="@bool/enable_system_alarm_service_default"
107-->[androidx.work:work-runtime:2.9.0] AndroidManifest.xml:42:13-72
108            android:exported="false" />
108-->[androidx.work:work-runtime:2.9.0] AndroidManifest.xml:43:13-37
109        <service
109-->[androidx.work:work-runtime:2.9.0] AndroidManifest.xml:46:9-52:35
110            android:name="androidx.work.impl.background.systemjob.SystemJobService"
110-->[androidx.work:work-runtime:2.9.0] AndroidManifest.xml:47:13-84
111            android:directBootAware="false"
111-->[androidx.work:work-runtime:2.9.0] AndroidManifest.xml:48:13-44
112            android:enabled="@bool/enable_system_job_service_default"
112-->[androidx.work:work-runtime:2.9.0] AndroidManifest.xml:49:13-70
113            android:exported="true"
113-->[androidx.work:work-runtime:2.9.0] AndroidManifest.xml:50:13-36
114            android:permission="android.permission.BIND_JOB_SERVICE" />
114-->[androidx.work:work-runtime:2.9.0] AndroidManifest.xml:51:13-69
115        <service
115-->[androidx.work:work-runtime:2.9.0] AndroidManifest.xml:53:9-59:35
116            android:name="androidx.work.impl.foreground.SystemForegroundService"
116-->[androidx.work:work-runtime:2.9.0] AndroidManifest.xml:54:13-81
117            android:directBootAware="false"
117-->[androidx.work:work-runtime:2.9.0] AndroidManifest.xml:55:13-44
118            android:enabled="@bool/enable_system_foreground_service_default"
118-->[androidx.work:work-runtime:2.9.0] AndroidManifest.xml:56:13-77
119            android:exported="false" />
119-->[androidx.work:work-runtime:2.9.0] AndroidManifest.xml:57:13-37
120
121        <receiver
121-->[androidx.work:work-runtime:2.9.0] AndroidManifest.xml:61:9-66:35
122            android:name="androidx.work.impl.utils.ForceStopRunnable$BroadcastReceiver"
122-->[androidx.work:work-runtime:2.9.0] AndroidManifest.xml:62:13-88
123            android:directBootAware="false"
123-->[androidx.work:work-runtime:2.9.0] AndroidManifest.xml:63:13-44
124            android:enabled="true"
124-->[androidx.work:work-runtime:2.9.0] AndroidManifest.xml:64:13-35
125            android:exported="false" />
125-->[androidx.work:work-runtime:2.9.0] AndroidManifest.xml:65:13-37
126        <receiver
126-->[androidx.work:work-runtime:2.9.0] AndroidManifest.xml:67:9-77:20
127            android:name="androidx.work.impl.background.systemalarm.ConstraintProxy$BatteryChargingProxy"
127-->[androidx.work:work-runtime:2.9.0] AndroidManifest.xml:68:13-106
128            android:directBootAware="false"
128-->[androidx.work:work-runtime:2.9.0] AndroidManifest.xml:69:13-44
129            android:enabled="false"
129-->[androidx.work:work-runtime:2.9.0] AndroidManifest.xml:70:13-36
130            android:exported="false" >
130-->[androidx.work:work-runtime:2.9.0] AndroidManifest.xml:71:13-37
131            <intent-filter>
131-->[androidx.work:work-runtime:2.9.0] AndroidManifest.xml:73:13-76:29
132                <action android:name="android.intent.action.ACTION_POWER_CONNECTED" />
132-->[androidx.work:work-runtime:2.9.0] AndroidManifest.xml:74:17-87
132-->[androidx.work:work-runtime:2.9.0] AndroidManifest.xml:74:25-84
133                <action android:name="android.intent.action.ACTION_POWER_DISCONNECTED" />
133-->[androidx.work:work-runtime:2.9.0] AndroidManifest.xml:75:17-90
133-->[androidx.work:work-runtime:2.9.0] AndroidManifest.xml:75:25-87
134            </intent-filter>
135        </receiver>
136        <receiver
136-->[androidx.work:work-runtime:2.9.0] AndroidManifest.xml:78:9-88:20
137            android:name="androidx.work.impl.background.systemalarm.ConstraintProxy$BatteryNotLowProxy"
137-->[androidx.work:work-runtime:2.9.0] AndroidManifest.xml:79:13-104
138            android:directBootAware="false"
138-->[androidx.work:work-runtime:2.9.0] AndroidManifest.xml:80:13-44
139            android:enabled="false"
139-->[androidx.work:work-runtime:2.9.0] AndroidManifest.xml:81:13-36
140            android:exported="false" >
140-->[androidx.work:work-runtime:2.9.0] AndroidManifest.xml:82:13-37
141            <intent-filter>
141-->[androidx.work:work-runtime:2.9.0] AndroidManifest.xml:84:13-87:29
142                <action android:name="android.intent.action.BATTERY_OKAY" />
142-->[androidx.work:work-runtime:2.9.0] AndroidManifest.xml:85:17-77
142-->[androidx.work:work-runtime:2.9.0] AndroidManifest.xml:85:25-74
143                <action android:name="android.intent.action.BATTERY_LOW" />
143-->[androidx.work:work-runtime:2.9.0] AndroidManifest.xml:86:17-76
143-->[androidx.work:work-runtime:2.9.0] AndroidManifest.xml:86:25-73
144            </intent-filter>
145        </receiver>
146        <receiver
146-->[androidx.work:work-runtime:2.9.0] AndroidManifest.xml:89:9-99:20
147            android:name="androidx.work.impl.background.systemalarm.ConstraintProxy$StorageNotLowProxy"
147-->[androidx.work:work-runtime:2.9.0] AndroidManifest.xml:90:13-104
148            android:directBootAware="false"
148-->[androidx.work:work-runtime:2.9.0] AndroidManifest.xml:91:13-44
149            android:enabled="false"
149-->[androidx.work:work-runtime:2.9.0] AndroidManifest.xml:92:13-36
150            android:exported="false" >
150-->[androidx.work:work-runtime:2.9.0] AndroidManifest.xml:93:13-37
151            <intent-filter>
151-->[androidx.work:work-runtime:2.9.0] AndroidManifest.xml:95:13-98:29
152                <action android:name="android.intent.action.DEVICE_STORAGE_LOW" />
152-->[androidx.work:work-runtime:2.9.0] AndroidManifest.xml:96:17-83
152-->[androidx.work:work-runtime:2.9.0] AndroidManifest.xml:96:25-80
153                <action android:name="android.intent.action.DEVICE_STORAGE_OK" />
153-->[androidx.work:work-runtime:2.9.0] AndroidManifest.xml:97:17-82
153-->[androidx.work:work-runtime:2.9.0] AndroidManifest.xml:97:25-79
154            </intent-filter>
155        </receiver>
156        <receiver
156-->[androidx.work:work-runtime:2.9.0] AndroidManifest.xml:100:9-109:20
157            android:name="androidx.work.impl.background.systemalarm.ConstraintProxy$NetworkStateProxy"
157-->[androidx.work:work-runtime:2.9.0] AndroidManifest.xml:101:13-103
158            android:directBootAware="false"
158-->[androidx.work:work-runtime:2.9.0] AndroidManifest.xml:102:13-44
159            android:enabled="false"
159-->[androidx.work:work-runtime:2.9.0] AndroidManifest.xml:103:13-36
160            android:exported="false" >
160-->[androidx.work:work-runtime:2.9.0] AndroidManifest.xml:104:13-37
161            <intent-filter>
161-->[androidx.work:work-runtime:2.9.0] AndroidManifest.xml:106:13-108:29
162                <action android:name="android.net.conn.CONNECTIVITY_CHANGE" />
162-->[androidx.work:work-runtime:2.9.0] AndroidManifest.xml:107:17-79
162-->[androidx.work:work-runtime:2.9.0] AndroidManifest.xml:107:25-76
163            </intent-filter>
164        </receiver>
165        <receiver
165-->[androidx.work:work-runtime:2.9.0] AndroidManifest.xml:110:9-121:20
166            android:name="androidx.work.impl.background.systemalarm.RescheduleReceiver"
166-->[androidx.work:work-runtime:2.9.0] AndroidManifest.xml:111:13-88
167            android:directBootAware="false"
167-->[androidx.work:work-runtime:2.9.0] AndroidManifest.xml:112:13-44
168            android:enabled="false"
168-->[androidx.work:work-runtime:2.9.0] AndroidManifest.xml:113:13-36
169            android:exported="false" >
169-->[androidx.work:work-runtime:2.9.0] AndroidManifest.xml:114:13-37
170            <intent-filter>
170-->[androidx.work:work-runtime:2.9.0] AndroidManifest.xml:116:13-120:29
171                <action android:name="android.intent.action.BOOT_COMPLETED" />
171-->[androidx.work:work-runtime:2.9.0] AndroidManifest.xml:117:17-79
171-->[androidx.work:work-runtime:2.9.0] AndroidManifest.xml:117:25-76
172                <action android:name="android.intent.action.TIME_SET" />
172-->[androidx.work:work-runtime:2.9.0] AndroidManifest.xml:118:17-73
172-->[androidx.work:work-runtime:2.9.0] AndroidManifest.xml:118:25-70
173                <action android:name="android.intent.action.TIMEZONE_CHANGED" />
173-->[androidx.work:work-runtime:2.9.0] AndroidManifest.xml:119:17-81
173-->[androidx.work:work-runtime:2.9.0] AndroidManifest.xml:119:25-78
174            </intent-filter>
175        </receiver>
176        <receiver
176-->[androidx.work:work-runtime:2.9.0] AndroidManifest.xml:122:9-131:20
177            android:name="androidx.work.impl.background.systemalarm.ConstraintProxyUpdateReceiver"
177-->[androidx.work:work-runtime:2.9.0] AndroidManifest.xml:123:13-99
178            android:directBootAware="false"
178-->[androidx.work:work-runtime:2.9.0] AndroidManifest.xml:124:13-44
179            android:enabled="@bool/enable_system_alarm_service_default"
179-->[androidx.work:work-runtime:2.9.0] AndroidManifest.xml:125:13-72
180            android:exported="false" >
180-->[androidx.work:work-runtime:2.9.0] AndroidManifest.xml:126:13-37
181            <intent-filter>
181-->[androidx.work:work-runtime:2.9.0] AndroidManifest.xml:128:13-130:29
182                <action android:name="androidx.work.impl.background.systemalarm.UpdateProxies" />
182-->[androidx.work:work-runtime:2.9.0] AndroidManifest.xml:129:17-98
182-->[androidx.work:work-runtime:2.9.0] AndroidManifest.xml:129:25-95
183            </intent-filter>
184        </receiver>
185        <receiver
185-->[androidx.work:work-runtime:2.9.0] AndroidManifest.xml:132:9-142:20
186            android:name="androidx.work.impl.diagnostics.DiagnosticsReceiver"
186-->[androidx.work:work-runtime:2.9.0] AndroidManifest.xml:133:13-78
187            android:directBootAware="false"
187-->[androidx.work:work-runtime:2.9.0] AndroidManifest.xml:134:13-44
188            android:enabled="true"
188-->[androidx.work:work-runtime:2.9.0] AndroidManifest.xml:135:13-35
189            android:exported="true"
189-->[androidx.work:work-runtime:2.9.0] AndroidManifest.xml:136:13-36
190            android:permission="android.permission.DUMP" >
190-->[androidx.work:work-runtime:2.9.0] AndroidManifest.xml:137:13-57
191            <intent-filter>
191-->[androidx.work:work-runtime:2.9.0] AndroidManifest.xml:139:13-141:29
192                <action android:name="androidx.work.diagnostics.REQUEST_DIAGNOSTICS" />
192-->[androidx.work:work-runtime:2.9.0] AndroidManifest.xml:140:17-88
192-->[androidx.work:work-runtime:2.9.0] AndroidManifest.xml:140:25-85
193            </intent-filter>
194        </receiver>
195
196        <service
196-->[androidx.room:room-runtime:2.6.1] AndroidManifest.xml:24:9-28:63
197            android:name="androidx.room.MultiInstanceInvalidationService"
197-->[androidx.room:room-runtime:2.6.1] AndroidManifest.xml:25:13-74
198            android:directBootAware="true"
198-->[androidx.room:room-runtime:2.6.1] AndroidManifest.xml:26:13-43
199            android:exported="false" />
199-->[androidx.room:room-runtime:2.6.1] AndroidManifest.xml:27:13-37
200
201        <receiver
201-->[androidx.profileinstaller:profileinstaller:1.3.0] AndroidManifest.xml:34:9-52:20
202            android:name="androidx.profileinstaller.ProfileInstallReceiver"
202-->[androidx.profileinstaller:profileinstaller:1.3.0] AndroidManifest.xml:35:13-76
203            android:directBootAware="false"
203-->[androidx.profileinstaller:profileinstaller:1.3.0] AndroidManifest.xml:36:13-44
204            android:enabled="true"
204-->[androidx.profileinstaller:profileinstaller:1.3.0] AndroidManifest.xml:37:13-35
205            android:exported="true"
205-->[androidx.profileinstaller:profileinstaller:1.3.0] AndroidManifest.xml:38:13-36
206            android:permission="android.permission.DUMP" >
206-->[androidx.profileinstaller:profileinstaller:1.3.0] AndroidManifest.xml:39:13-57
207            <intent-filter>
207-->[androidx.profileinstaller:profileinstaller:1.3.0] AndroidManifest.xml:40:13-42:29
208                <action android:name="androidx.profileinstaller.action.INSTALL_PROFILE" />
208-->[androidx.profileinstaller:profileinstaller:1.3.0] AndroidManifest.xml:41:17-91
208-->[androidx.profileinstaller:profileinstaller:1.3.0] AndroidManifest.xml:41:25-88
209            </intent-filter>
210            <intent-filter>
210-->[androidx.profileinstaller:profileinstaller:1.3.0] AndroidManifest.xml:43:13-45:29
211                <action android:name="androidx.profileinstaller.action.SKIP_FILE" />
211-->[androidx.profileinstaller:profileinstaller:1.3.0] AndroidManifest.xml:44:17-85
211-->[androidx.profileinstaller:profileinstaller:1.3.0] AndroidManifest.xml:44:25-82
212            </intent-filter>
213            <intent-filter>
213-->[androidx.profileinstaller:profileinstaller:1.3.0] AndroidManifest.xml:46:13-48:29
214                <action android:name="androidx.profileinstaller.action.SAVE_PROFILE" />
214-->[androidx.profileinstaller:profileinstaller:1.3.0] AndroidManifest.xml:47:17-88
214-->[androidx.profileinstaller:profileinstaller:1.3.0] AndroidManifest.xml:47:25-85
215            </intent-filter>
216            <intent-filter>
216-->[androidx.profileinstaller:profileinstaller:1.3.0] AndroidManifest.xml:49:13-51:29
217                <action android:name="androidx.profileinstaller.action.BENCHMARK_OPERATION" />
217-->[androidx.profileinstaller:profileinstaller:1.3.0] AndroidManifest.xml:50:17-95
217-->[androidx.profileinstaller:profileinstaller:1.3.0] AndroidManifest.xml:50:25-92
218            </intent-filter>
219        </receiver>
220    </application>
221
222</manifest>